<?xml version="1.0" encoding="UTF-8"?>
<testsuite xmlns:xsi="http://www.w3.org/2001/XMLSchema-instance" xsi:noNamespaceSchemaLocation="https://maven.apache.org/surefire/maven-surefire-plugin/xsd/surefire-test-report-3.0.xsd" version="3.0" name="com.Soham.Module_8_Sprinboot_DeploymentWithCICD.Module8SprinbootDeploymentWithCicdApplicationTests" time="13.831" tests="1" errors="0" skipped="0" failures="0">
  <properties>
[...]
</properties>
  <testcase name="contextLoads" classname="com.Soham.Module_8_Sprinboot_DeploymentWithCICD.Module8SprinbootDeploymentWithCicdApplicationTests" time="0.768">
    <system-out><![CDATA[21:02:04.949 [main] INFO org.springframework.test.context.support.AnnotationConfigContextLoaderUtils -- Could not detect default configuration classes for test class [com.Soham.Module_8_Sprinboot_DeploymentWithCICD.Module8SprinbootDeploymentWithCicdApplicationTests]: Module8SprinbootDeploymentWithCicdApplicationTests does not declare any static, non-private, non-final, nested classes annotated with @Configuration.
21:02:05.274 [main] INFO org.springframework.boot.test.context.SpringBootTestContextBootstrapper -- Found @SpringBootConfiguration com.Soham.Module_8_Sprinboot_DeploymentWithCICD.Module8SprinbootDeploymentWithCicdApplication for test class com.Soham.Module_8_Sprinboot_DeploymentWithCICD.Module8SprinbootDeploymentWithCicdApplicationTests

  .   ____          _            __ _ _
 /\\ / ___'_ __ _ _(_)_ __  __ _ \ \ \ \
( ( )\___ | '_ | '_| | '_ \/ _` | \ \ \ \
 \\/  ___)| |_)| | | | | || (_| |  ) ) ) )
  '  |____| .__|_| |_|_| |_\__, | / / / /
 =========|_|==============|___/=/_/_/_/

 :: Spring Boot ::                (v3.3.2)

2026-06-22T21:02:06.132+05:30  INFO 21820 --- [Module-8-Sprinboot-DeploymentWithCICD] [           main] inbootDeploymentWithCicdApplicationTests : Starting Module8SprinbootDeploymentWithCicdApplicationTests using Java 21.0.11 with PID 21820 (started by DELL in D:\Coding-Shuttle-Springboot-Cohort-5.0\Module-8-Sprinboot-DeploymentWithCICD)
2026-06-22T21:02:06.135+05:30  INFO 21820 --- [Module-8-Sprinboot-DeploymentWithCICD] [           main] inbootDeploymentWithCicdApplicationTests : No active profile set, falling back to 1 default profile: "default"
2026-06-22T21:02:07.452+05:30  INFO 21820 --- [Module-8-Sprinboot-DeploymentWithCICD] [           main] .s.d.r.c.RepositoryConfigurationDelegate : Bootstrapping Spring Data JPA repositories in DEFAULT mode.
2026-06-22T21:02:07.808+05:30  INFO 21820 --- [Module-8-Sprinboot-DeploymentWithCICD] [           main] .s.d.r.c.RepositoryConfigurationDelegate : Finished Spring Data repository scanning in 338 ms. Found 1 JPA repository interface.
2026-06-22T21:02:08.742+05:30  INFO 21820 --- [Module-8-Sprinboot-DeploymentWithCICD] [           main] o.hibernate.jpa.internal.util.LogHelper  : HHH000204: Processing PersistenceUnitInfo [name: default]
2026-06-22T21:02:08.870+05:30  INFO 21820 --- [Module-8-Sprinboot-DeploymentWithCICD] [           main] org.hibernate.Version                    : HHH000412: Hibernate ORM core version 6.5.2.Final
2026-06-22T21:02:08.957+05:30  INFO 21820 --- [Module-8-Sprinboot-DeploymentWithCICD] [           main] o.h.c.internal.RegionFactoryInitiator    : HHH000026: Second-level cache disabled
2026-06-22T21:02:09.691+05:30  INFO 21820 --- [Module-8-Sprinboot-DeploymentWithCICD] [           main] o.s.o.j.p.SpringPersistenceUnitInfo      : No LoadTimeWeaver setup: ignoring JPA class transformer
2026-06-22T21:02:09.754+05:30  INFO 21820 --- [Module-8-Sprinboot-DeploymentWithCICD] [           main] com.zaxxer.hikari.HikariDataSource       : HikariPool-1 - Starting...
2026-06-22T21:02:13.009+05:30  INFO 21820 --- [Module-8-Sprinboot-DeploymentWithCICD] [           main] com.zaxxer.hikari.pool.HikariPool        : HikariPool-1 - Added connection org.postgresql.jdbc.PgConnection@492a54b4
2026-06-22T21:02:13.013+05:30  INFO 21820 --- [Module-8-Sprinboot-DeploymentWithCICD] [           main] com.zaxxer.hikari.HikariDataSource       : HikariPool-1 - Start completed.
2026-06-22T21:02:15.355+05:30  INFO 21820 --- [Module-8-Sprinboot-DeploymentWithCICD] [           main] o.h.e.t.j.p.i.JtaPlatformInitiator       : HHH000489: No JTA platform available (set 'hibernate.transaction.jta.platform' to enable JTA platform integration)
2026-06-22T21:02:15.865+05:30  INFO 21820 --- [Module-8-Sprinboot-DeploymentWithCICD] [           main] j.LocalContainerEntityManagerFactoryBean : Initialized JPA EntityManagerFactory for persistence unit 'default'
2026-06-22T21:02:16.848+05:30  WARN 21820 --- [Module-8-Sprinboot-DeploymentWithCICD] [           main] JpaBaseConfiguration$JpaWebConfiguration : spring.jpa.open-in-view is enabled by default. Therefore, database queries may be performed during view rendering. Explicitly configure spring.jpa.open-in-view to disable this warning
2026-06-22T21:02:17.610+05:30  INFO 21820 --- [Module-8-Sprinboot-DeploymentWithCICD] [           main] inbootDeploymentWithCicdApplicationTests : Started Module8SprinbootDeploymentWithCicdApplicationTests in 12.003 seconds (process running for 14.247)
]]></system-out>
    <system-err><![CDATA[WARNING: A Java agent has been loaded dynamically (C:\Users\DELL\.m2\repository\net\bytebuddy\byte-buddy-agent\1.14.18\byte-buddy-agent-1.14.18.jar)
WARNING: If a serviceability tool is in use, please run with -XX:+EnableDynamicAgentLoading to hide this warning
WARNING: If a serviceability tool is not in use, please run with -Djdk.instrument.traceUsage for more information
WARNING: Dynamic loading of agents will be disallowed by default in a future release
]]></system-err>
  </testcase>
</testsuite>